<?xml version="1.0" encoding="UTF-8"?>
<testng-results skipped="2" failed="0" ignored="0" total="2" passed="0">
  <reporter-output>
  </reporter-output>
  <suite name="Default suite" duration-ms="101" started-at="2020-10-12T12:07:52 IST" finished-at="2020-10-12T12:07:52 IST">
    <groups>
    </groups>
    <test name="Default test" duration-ms="101" started-at="2020-10-12T12:07:52 IST" finished-at="2020-10-12T12:07:52 IST">
      <class name="testCases.Login_TestCase">
        <test-method status="FAIL" signature="startReport()[pri:0, instance:testCases.Login_TestCase@5891e32e]" name="startReport" is-config="true" duration-ms="66" started-at="2020-10-12T12:07:52 IST" finished-at="2020-10-12T12:07:52 IST">
          <exception class="java.lang.NoClassDefFoundError">
            <message>
              <![CDATA[freemarker/ext/beans/BeansWrapperBuilder]]>
            </message>
            <full-stacktrace>
              <![CDATA[java.lang.NoClassDefFoundError: freemarker/ext/beans/BeansWrapperBuilder
at com.aventstack.extentreports.reporter.ExtentHtmlReporter.start(ExtentHtmlReporter.java:84)
at com.aventstack.extentreports.Report.attach(Report.java:41)
at java.util.Spliterators$ArraySpliterator.forEachRemaining(Spliterators.java:948)
at java.util.stream.ReferencePipeline$Head.forEach(ReferencePipeline.java:580)
at com.aventstack.extentreports.ExtentReports.attachReporter(ExtentReports.java:68)
at root_base.Test_setup.startReport(Test_setup.java:77)
at sun.reflect.NativeMethodAccessorImpl.invoke0(Native Method)
at sun.reflect.NativeMethodAccessorImpl.invoke(NativeMethodAccessorImpl.java:62)
at sun.reflect.DelegatingMethodAccessorImpl.invoke(DelegatingMethodAccessorImpl.java:43)
at java.lang.reflect.Method.invoke(Method.java:498)
at org.testng.internal.MethodInvocationHelper.invokeMethod(MethodInvocationHelper.java:132)
at org.testng.internal.MethodInvocationHelper.invokeMethodConsideringTimeout(MethodInvocationHelper.java:61)
at org.testng.internal.ConfigInvoker.invokeConfigurationMethod(ConfigInvoker.java:366)
at org.testng.internal.ConfigInvoker.invokeConfigurations(ConfigInvoker.java:320)
at org.testng.TestRunner.invokeTestConfigurations(TestRunner.java:617)
at org.testng.TestRunner.beforeRun(TestRunner.java:607)
at org.testng.TestRunner.run(TestRunner.java:578)
at org.testng.SuiteRunner.runTest(SuiteRunner.java:384)
at org.testng.SuiteRunner.runSequentially(SuiteRunner.java:378)
at org.testng.SuiteRunner.privateRun(SuiteRunner.java:337)
at org.testng.SuiteRunner.run(SuiteRunner.java:286)
at org.testng.SuiteRunnerWorker.runSuite(SuiteRunnerWorker.java:53)
at org.testng.SuiteRunnerWorker.run(SuiteRunnerWorker.java:96)
at org.testng.TestNG.runSuitesSequentially(TestNG.java:1218)
at org.testng.TestNG.runSuitesLocally(TestNG.java:1140)
at org.testng.TestNG.runSuites(TestNG.java:1069)
at org.testng.TestNG.run(TestNG.java:1037)
at org.testng.remote.AbstractRemoteTestNG.run(AbstractRemoteTestNG.java:115)
at org.testng.remote.RemoteTestNG.initAndRun(RemoteTestNG.java:251)
at org.testng.remote.RemoteTestNG.main(RemoteTestNG.java:77)
Caused by: java.lang.ClassNotFoundException: freemarker.ext.beans.BeansWrapperBuilder
at java.net.URLClassLoader.findClass(URLClassLoader.java:382)
at java.lang.ClassLoader.loadClass(ClassLoader.java:418)
at sun.misc.Launcher$AppClassLoader.loadClass(Launcher.java:355)
at java.lang.ClassLoader.loadClass(ClassLoader.java:351)
... 30 more
]]>
            </full-stacktrace>
          </exception> <!-- java.lang.NoClassDefFoundError -->
          <reporter-output>
          </reporter-output>
        </test-method> <!-- startReport -->
        <test-method status="SKIP" signature="initialization()[pri:0, instance:testCases.Login_TestCase@5891e32e]" name="initialization" is-config="true" duration-ms="-1602484672289" started-at="2020-10-12T12:07:52 IST" finished-at="1970-01-01T05:30:00 IST">
          <reporter-output>
          </reporter-output>
        </test-method> <!-- initialization -->
        <test-method status="SKIP" signature="launchandVerifys()[pri:1, instance:testCases.Login_TestCase@5891e32e]" name="launchandVerifys" duration-ms="0" started-at="2020-10-12T12:07:52 IST" finished-at="2020-10-12T12:07:52 IST">
          <exception class="java.lang.NoClassDefFoundError">
            <message>
              <![CDATA[freemarker/ext/beans/BeansWrapperBuilder]]>
            </message>
            <full-stacktrace>
              <![CDATA[java.lang.NoClassDefFoundError: freemarker/ext/beans/BeansWrapperBuilder
at com.aventstack.extentreports.reporter.ExtentHtmlReporter.start(ExtentHtmlReporter.java:84)
at com.aventstack.extentreports.Report.attach(Report.java:41)
at java.util.Spliterators$ArraySpliterator.forEachRemaining(Spliterators.java:948)
at java.util.stream.ReferencePipeline$Head.forEach(ReferencePipeline.java:580)
at com.aventstack.extentreports.ExtentReports.attachReporter(ExtentReports.java:68)
at root_base.Test_setup.startReport(Test_setup.java:77)
at sun.reflect.NativeMethodAccessorImpl.invoke0(Native Method)
at sun.reflect.NativeMethodAccessorImpl.invoke(NativeMethodAccessorImpl.java:62)
at sun.reflect.DelegatingMethodAccessorImpl.invoke(DelegatingMethodAccessorImpl.java:43)
at java.lang.reflect.Method.invoke(Method.java:498)
at org.testng.internal.MethodInvocationHelper.invokeMethod(MethodInvocationHelper.java:132)
at org.testng.internal.MethodInvocationHelper.invokeMethodConsideringTimeout(MethodInvocationHelper.java:61)
at org.testng.internal.ConfigInvoker.invokeConfigurationMethod(ConfigInvoker.java:366)
at org.testng.internal.ConfigInvoker.invokeConfigurations(ConfigInvoker.java:320)
at org.testng.TestRunner.invokeTestConfigurations(TestRunner.java:617)
at org.testng.TestRunner.beforeRun(TestRunner.java:607)
at org.testng.TestRunner.run(TestRunner.java:578)
at org.testng.SuiteRunner.runTest(SuiteRunner.java:384)
at org.testng.SuiteRunner.runSequentially(SuiteRunner.java:378)
at org.testng.SuiteRunner.privateRun(SuiteRunner.java:337)
at org.testng.SuiteRunner.run(SuiteRunner.java:286)
at org.testng.SuiteRunnerWorker.runSuite(SuiteRunnerWorker.java:53)
at org.testng.SuiteRunnerWorker.run(SuiteRunnerWorker.java:96)
at org.testng.TestNG.runSuitesSequentially(TestNG.java:1218)
at org.testng.TestNG.runSuitesLocally(TestNG.java:1140)
at org.testng.TestNG.runSuites(TestNG.java:1069)
at org.testng.TestNG.run(TestNG.java:1037)
at org.testng.remote.AbstractRemoteTestNG.run(AbstractRemoteTestNG.java:115)
at org.testng.remote.RemoteTestNG.initAndRun(RemoteTestNG.java:251)
at org.testng.remote.RemoteTestNG.main(RemoteTestNG.java:77)
Caused by: java.lang.ClassNotFoundException: freemarker.ext.beans.BeansWrapperBuilder
at java.net.URLClassLoader.findClass(URLClassLoader.java:382)
at java.lang.ClassLoader.loadClass(ClassLoader.java:418)
at sun.misc.Launcher$AppClassLoader.loadClass(Launcher.java:355)
at java.lang.ClassLoader.loadClass(ClassLoader.java:351)
... 30 more
]]>
            </full-stacktrace>
          </exception> <!-- java.lang.NoClassDefFoundError -->
          <reporter-output>
          </reporter-output>
        </test-method> <!-- launchandVerifys -->
        <test-method status="SKIP" signature="validateLoginFunction()[pri:2, instance:testCases.Login_TestCase@5891e32e]" name="validateLoginFunction" duration-ms="0" started-at="2020-10-12T12:07:52 IST" finished-at="2020-10-12T12:07:52 IST">
          <exception class="java.lang.NoClassDefFoundError">
            <message>
              <![CDATA[freemarker/ext/beans/BeansWrapperBuilder]]>
            </message>
            <full-stacktrace>
              <![CDATA[java.lang.NoClassDefFoundError: freemarker/ext/beans/BeansWrapperBuilder
at com.aventstack.extentreports.reporter.ExtentHtmlReporter.start(ExtentHtmlReporter.java:84)
at com.aventstack.extentreports.Report.attach(Report.java:41)
at java.util.Spliterators$ArraySpliterator.forEachRemaining(Spliterators.java:948)
at java.util.stream.ReferencePipeline$Head.forEach(ReferencePipeline.java:580)
at com.aventstack.extentreports.ExtentReports.attachReporter(ExtentReports.java:68)
at root_base.Test_setup.startReport(Test_setup.java:77)
at sun.reflect.NativeMethodAccessorImpl.invoke0(Native Method)
at sun.reflect.NativeMethodAccessorImpl.invoke(NativeMethodAccessorImpl.java:62)
at sun.reflect.DelegatingMethodAccessorImpl.invoke(DelegatingMethodAccessorImpl.java:43)
at java.lang.reflect.Method.invoke(Method.java:498)
at org.testng.internal.MethodInvocationHelper.invokeMethod(MethodInvocationHelper.java:132)
at org.testng.internal.MethodInvocationHelper.invokeMethodConsideringTimeout(MethodInvocationHelper.java:61)
at org.testng.internal.ConfigInvoker.invokeConfigurationMethod(ConfigInvoker.java:366)
at org.testng.internal.ConfigInvoker.invokeConfigurations(ConfigInvoker.java:320)
at org.testng.TestRunner.invokeTestConfigurations(TestRunner.java:617)
at org.testng.TestRunner.beforeRun(TestRunner.java:607)
at org.testng.TestRunner.run(TestRunner.java:578)
at org.testng.SuiteRunner.runTest(SuiteRunner.java:384)
at org.testng.SuiteRunner.runSequentially(SuiteRunner.java:378)
at org.testng.SuiteRunner.privateRun(SuiteRunner.java:337)
at org.testng.SuiteRunner.run(SuiteRunner.java:286)
at org.testng.SuiteRunnerWorker.runSuite(SuiteRunnerWorker.java:53)
at org.testng.SuiteRunnerWorker.run(SuiteRunnerWorker.java:96)
at org.testng.TestNG.runSuitesSequentially(TestNG.java:1218)
at org.testng.TestNG.runSuitesLocally(TestNG.java:1140)
at org.testng.TestNG.runSuites(TestNG.java:1069)
at org.testng.TestNG.run(TestNG.java:1037)
at org.testng.remote.AbstractRemoteTestNG.run(AbstractRemoteTestNG.java:115)
at org.testng.remote.RemoteTestNG.initAndRun(RemoteTestNG.java:251)
at org.testng.remote.RemoteTestNG.main(RemoteTestNG.java:77)
Caused by: java.lang.ClassNotFoundException: freemarker.ext.beans.BeansWrapperBuilder
at java.net.URLClassLoader.findClass(URLClassLoader.java:382)
at java.lang.ClassLoader.loadClass(ClassLoader.java:418)
at sun.misc.Launcher$AppClassLoader.loadClass(Launcher.java:355)
at java.lang.ClassLoader.loadClass(ClassLoader.java:351)
... 30 more
]]>
            </full-stacktrace>
          </exception> <!-- java.lang.NoClassDefFoundError -->
          <reporter-output>
          </reporter-output>
        </test-method> <!-- validateLoginFunction -->
      </class> <!-- testCases.Login_TestCase -->
    </test> <!-- Default test -->
  </suite> <!-- Default suite -->
</testng-results>
