<?xml version="1.0" encoding="UTF-8"?>
<!-- Generated by org.testng.reporters.JUnitXMLReporter -->
<testsuite hostname="venkateshkvsMBP" name="Login TestCase" tests="2" failures="1" timestamp="12 Oct 2020 16:01:52 GMT" time="38.118" errors="0">
  <testcase name="launchandVerifys" time="2.183" classname="testCases.Login_TestCase"/>
  <testcase name="validateLoginFunction" time="23.983" classname="testCases.Login_TestCase">
    <failure type="java.lang.AssertionError" message="The following asserts failed:
null">
      <![CDATA[java.lang.AssertionError: The following asserts failed:
null
	at root_base.Base_Root.Assertvalues(Base_Root.java:57)
	at pages.Login_page.LoginWithValidCredentials(Login_page.java:122)
	at testCases.Login_TestCase.validateLoginFunction(Login_TestCase.java:42)
... Removed 25 stack frames]]>
    </failure>
  </testcase> <!-- validateLoginFunction -->
</testsuite> <!-- Login TestCase -->
